This is pdfTeX, Version 3.14159265-2.6-1.40.20 (MiKTeX 2.9.7250 64-bit) (preloaded format=pdflatex 2020.1.16)  29 MAR 2022 13:33
entering extended mode
**./main.tex
(main.tex
LaTeX2e <2019-10-01> patch level 3

("C:\Users\hanna\AppData\Local\Programs\MiKTeX 2.9\tex/latex/revtex\revtex4-1.c
ls"
Document Class: revtex4-1 2010/07/25/20:33:00 4.1r (http://publish.aps.org/revt
ex4/ for documentation)
 Copyright (c) 2009 The American Physical Society.
 mailto:revtex@aps.org
 Licensed under the LPPL:
http://www.ctan.org/tex-archive/macros/latex/base/lppl.txt
 Arthur Ogawa <arthur_ogawa at sbcglobal dot net>
 Based on work by David Carlisle <david at dcarlisle.demon.co.uk>.
ltxutil[2010/07/25/20:33:00 4.1r utilities package (portions licensed from W. E
. Baxter web at superscript.com)]
LaTeX Info: Redefining \@centercr on input line 308.
Class revtex4-1 Info: Repairing broken LaTeX eqnarray on input line 358.
\eqncolsep=\skip41
Class revtex4-1 Info: Repairing hyperref-unfriendly LaTeX definition of \mpfoot
note on input line 433.
Class revtex4-1 Info: Repairing broken LateX \@sect on input line 755.
\intertabularlinepenalty=\count80
\@tbpen=\count81
\@arstrutbox@hline=\box27
Class revtex4-1 Info: Repairing broken LaTeX \@xbitor on input line 1786.
Class revtex4-1 Info: Making \typeout \long on input line 2046.
ltxfront[2010/07/25/20:33:00 4.1r frontmatter package (AO,DPC)]
\c@affil=\count82
\c@collab=\count83
\absbox=\box28
ltxgrid[2010/07/25/20:33:00 4.1r page grid package (portions licensed from W. E
. Baxter web at superscript.com)]
\c@linecount=\count84
\output@latex=\toks14
\box@size@1=\box29
\box@size@2=\box30
\@protection@box=\box31
\@topmark@saved=\toks15
\footins@saved=\box32
\footins@recovered=\box33
\column@recovered=\box34
\pagesofar=\box35
\footsofar=\box36
\pagegrid@col=\count85
Class revtex4-1 Info: Overriding \@vspace, \@vspacer, \@no@pgbk, \@newline, and
 \\  on input line 5578.
\c@part=\count86
\c@section=\count87
\c@subsection=\count88
\c@subsubsection=\count89
\c@paragraph=\count90
\c@subparagraph=\count91
\abovecaptionskip=\skip42
\belowcaptionskip=\skip43
\c@figure=\count92
\fbox@1=\box37
\c@table=\count93
\fbox@2=\box38
\c@video=\count94
\fbox@4=\box39
\@bibdataout=\write3
\widetext@top=\box40
\widetext@bot=\box41
Class revtex4-1 Info: Selecting society aps on input line 7542.
("C:\Users\hanna\AppData\Local\Programs\MiKTeX 2.9\tex/latex/revtex\aps4-1.rtx"
File: aps4-1 2010/07/25/20:33:00 4.1r (http://publish.aps.org/revtex4/ for docu
mentation)
Class revtex4-1 Info: RevTeX society APS selected on input line 31.
)
Class revtex4-1 Info: Selecting journal pra on input line 7544.
Class revtex4-1 Info: APS journal PRA selected on input line 7545.


Class revtex4-1 Warning: No type size specified, using default 10.


("C:\Users\hanna\AppData\Local\Programs\MiKTeX 2.9\tex/latex/revtex\aps10pt4-1.
rtx"
File: aps10pt4-1 2010/07/25/20:33:00 4.1r (http://publish.aps.org/revtex4/ for 
documentation)
Class revtex4-1 Info: RevTeX pointsize 10pt selected on input line 30.
)
("C:\Users\hanna\AppData\Local\Programs\MiKTeX 2.9\tex/latex/textcase\textcase.
sty"
Package: textcase 2019/09/14 v1.00 Text only upper/lower case changing (DPC)
) ("C:\Users\hanna\AppData\Local\Programs\MiKTeX 2.9\tex/latex/url\url.sty"
\Urlmuskip=\muskip10
Package: url 2013/09/16  ver 3.4  Verb mode for urls, etc.
) ("C:\Users\hanna\AppData\Local\Programs\MiKTeX 2.9\tex/latex/natbib\natbib.st
y"
Package: natbib 2010/09/13 8.31b (PWD, AO)
\bibhang=\skip44
\bibsep=\skip45
LaTeX Info: Redefining \cite on input line 694.
\c@NAT@ctr=\count95
)
Class revtex4-1 Info: Repairing natbib's \BibitemShut on input line 7549.

("C:\Users\hanna\AppData\Local\Programs\MiKTeX 2.9\tex/latex/revtex\revsymb4-1.
sty"
Package: revsymb4-1 2010/07/25/20:33:00 4.1r (http://publish.aps.org/revtex4/ f
or documentation)
LaTeX Info: Redefining \REV@mathfrak on input line 119.
))
("C:\Users\hanna\AppData\Local\Programs\MiKTeX 2.9\tex/latex/xcolor\xcolor.sty"
Package: xcolor 2016/05/11 v2.12 LaTeX color extensions (UK)

("C:\Users\hanna\AppData\Local\Programs\MiKTeX 2.9\tex/latex/graphics-cfg\color
.cfg"
File: color.cfg 2016/01/02 v1.6 sample color configuration
)
Package xcolor Info: Driver file: pdftex.def on input line 225.

("C:\Users\hanna\AppData\Local\Programs\MiKTeX 2.9\tex/latex/graphics-def\pdfte
x.def"
File: pdftex.def 2018/01/08 v1.0l Graphics/color driver for pdftex
)
("C:\Users\hanna\AppData\Local\Programs\MiKTeX 2.9\tex/latex/colortbl\colortbl.
sty"
Package: colortbl 2018/12/12 v1.0d Color table columns (DPC)

("C:\Users\hanna\AppData\Local\Programs\MiKTeX 2.9\tex/latex/tools\array.sty"
Package: array 2019/08/31 v2.4l Tabular extension package (FMi)
\col@sep=\dimen102
\ar@mcellbox=\box42
\extrarowheight=\dimen103
\NC@list=\toks16
\extratabsurround=\skip46
\backup@length=\skip47
\ar@cellbox=\box43
)
\everycr=\toks17
\minrowclearance=\skip48
)
\rownum=\count96
Package xcolor Info: Model `cmy' substituted by `cmy0' on input line 1348.
Package xcolor Info: Model `hsb' substituted by `rgb' on input line 1352.
Package xcolor Info: Model `RGB' extended on input line 1364.
Package xcolor Info: Model `HTML' substituted by `rgb' on input line 1366.
Package xcolor Info: Model `Hsb' substituted by `hsb' on input line 1367.
Package xcolor Info: Model `tHsb' substituted by `hsb' on input line 1368.
Package xcolor Info: Model `HSB' substituted by `hsb' on input line 1369.
Package xcolor Info: Model `Gray' substituted by `gray' on input line 1370.
Package xcolor Info: Model `wave' substituted by `hsb' on input line 1371.
)
("C:\Users\hanna\AppData\Local\Programs\MiKTeX 2.9\tex/latex/hyperref\hyperref.
sty"
Package: hyperref 2019/11/10 v7.00c Hypertext links for LaTeX

("C:\Users\hanna\AppData\Local\Programs\MiKTeX 2.9\tex/generic/ltxcmds\ltxcmds.
sty"
Package: ltxcmds 2019/12/15 v1.24 LaTeX kernel commands for general use (HO)
)
("C:\Users\hanna\AppData\Local\Programs\MiKTeX 2.9\tex/generic/iftex\iftex.sty"
Package: iftex 2019/11/07 v1.0c TeX engine tests
)
("C:\Users\hanna\AppData\Local\Programs\MiKTeX 2.9\tex/latex/pdftexcmds\pdftexc
mds.sty"
Package: pdftexcmds 2019/11/24 v0.31 Utility functions of pdfTeX for LuaTeX (HO
)

("C:\Users\hanna\AppData\Local\Programs\MiKTeX 2.9\tex/generic/infwarerr\infwar
err.sty"
Package: infwarerr 2019/12/03 v1.5 Providing info/warning/error messages (HO)
)
Package pdftexcmds Info: \pdf@primitive is available.
Package pdftexcmds Info: \pdf@ifprimitive is available.
Package pdftexcmds Info: \pdfdraftmode found.
)
("C:\Users\hanna\AppData\Local\Programs\MiKTeX 2.9\tex/latex/graphics\keyval.st
y"
Package: keyval 2014/10/28 v1.15 key=value parser (DPC)
\KV@toks@=\toks18
)
("C:\Users\hanna\AppData\Local\Programs\MiKTeX 2.9\tex/generic/kvsetkeys\kvsetk
eys.sty"
Package: kvsetkeys 2019/12/15 v1.18 Key value parser (HO)
)
("C:\Users\hanna\AppData\Local\Programs\MiKTeX 2.9\tex/generic/kvdefinekeys\kvd
efinekeys.sty"
Package: kvdefinekeys 2019-12-19 v1.6 Define keys (HO)
)
("C:\Users\hanna\AppData\Local\Programs\MiKTeX 2.9\tex/generic/pdfescape\pdfesc
ape.sty"
Package: pdfescape 2019/12/09 v1.15 Implements pdfTeX's escape features (HO)
)
("C:\Users\hanna\AppData\Local\Programs\MiKTeX 2.9\tex/latex/hycolor\hycolor.st
y"
Package: hycolor 2019/12/15 v1.9 Color options for hyperref/bookmark (HO)

("C:\Users\hanna\AppData\Local\Programs\MiKTeX 2.9\tex/latex/hycolor\xcolor-pat
ch.sty"
Package: xcolor-patch 2019/12/15 xcolor patch

("C:\Users\hanna\AppData\Local\Programs\MiKTeX 2.9\tex/latex/oberdiek\hopatch.s
ty"
Package: hopatch 2016/05/16 v1.3 Wrapper for package hooks (HO)
)))
("C:\Users\hanna\AppData\Local\Programs\MiKTeX 2.9\tex/latex/letltxmacro\letltx
macro.sty"
Package: letltxmacro 2019/12/03 v1.6 Let assignment for LaTeX macros (HO)
)
("C:\Users\hanna\AppData\Local\Programs\MiKTeX 2.9\tex/latex/auxhook\auxhook.st
y"
Package: auxhook 2019-12-17 v1.6 Hooks for auxiliary files (HO)
)
("C:\Users\hanna\AppData\Local\Programs\MiKTeX 2.9\tex/latex/kvoptions\kvoption
s.sty"
Package: kvoptions 2019/11/29 v3.13 Key value format for package options (HO)
)
\@linkdim=\dimen104
\Hy@linkcounter=\count97
\Hy@pagecounter=\count98

("C:\Users\hanna\AppData\Local\Programs\MiKTeX 2.9\tex/latex/hyperref\pd1enc.de
f"
File: pd1enc.def 2019/11/10 v7.00c Hyperref: PDFDocEncoding definition (HO)
Now handling font encoding PD1 ...
... no UTF-8 mapping file for font encoding PD1
)
("C:\Users\hanna\AppData\Local\Programs\MiKTeX 2.9\tex/generic/intcalc\intcalc.
sty"
Package: intcalc 2019/12/15 v1.3 Expandable calculations with integers (HO)
)
("C:\Users\hanna\AppData\Local\Programs\MiKTeX 2.9\tex/generic/etexcmds\etexcmd
s.sty"
Package: etexcmds 2019/12/15 v1.7 Avoid name clashes with e-TeX commands (HO)
)
\Hy@SavedSpaceFactor=\count99

("C:\Users\hanna\AppData\Local\Programs\MiKTeX 2.9\tex/latex/00miktex\hyperref.
cfg"
File: hyperref.cfg 2002/06/06 v1.2 hyperref configuration of TeXLive
)
Package hyperref Info: Option `colorlinks' set `false' on input line 4409.
Package hyperref Info: Hyper figures OFF on input line 4535.
Package hyperref Info: Link nesting OFF on input line 4540.
Package hyperref Info: Hyper index ON on input line 4543.
Package hyperref Info: Plain pages OFF on input line 4550.
Package hyperref Info: Backreferencing OFF on input line 4555.
Package hyperref Info: Implicit mode ON; LaTeX internals redefined.
Package hyperref Info: Bookmarks ON on input line 4788.
LaTeX Info: Redefining \href on input line 5058.
\c@Hy@tempcnt=\count100
LaTeX Info: Redefining \url on input line 5147.
\XeTeXLinkMargin=\dimen105

("C:\Users\hanna\AppData\Local\Programs\MiKTeX 2.9\tex/generic/bitset\bitset.st
y"
Package: bitset 2019/12/09 v1.3 Handle bit-vector datatype (HO)

("C:\Users\hanna\AppData\Local\Programs\MiKTeX 2.9\tex/generic/bigintcalc\bigin
tcalc.sty"
Package: bigintcalc 2019/12/15 v1.5 Expandable calculations on big integers (HO
)
))
\Fld@menulength=\count101
\Field@Width=\dimen106
\Fld@charsize=\dimen107
Package hyperref Info: Hyper figures OFF on input line 6418.
Package hyperref Info: Link nesting OFF on input line 6423.
Package hyperref Info: Hyper index ON on input line 6426.
Package hyperref Info: backreferencing OFF on input line 6433.
Package hyperref Info: Link coloring OFF on input line 6438.
Package hyperref Info: Link coloring with OCG OFF on input line 6443.
Package hyperref Info: PDF/A mode OFF on input line 6448.
LaTeX Info: Redefining \ref on input line 6488.
LaTeX Info: Redefining \pageref on input line 6492.

("C:\Users\hanna\AppData\Local\Programs\MiKTeX 2.9\tex/generic/atbegshi\atbegsh
i.sty"
Package: atbegshi 2019/12/05 v1.19 At begin shipout hook (HO)
)
\Hy@abspage=\count102
\c@Item=\count103
\c@Hfootnote=\count104
)
Package hyperref Info: Driver (autodetected): hpdftex.

("C:\Users\hanna\AppData\Local\Programs\MiKTeX 2.9\tex/latex/hyperref\hpdftex.d
ef"
File: hpdftex.def 2019/11/10 v7.00c Hyperref driver for pdfTeX

("C:\Users\hanna\AppData\Local\Programs\MiKTeX 2.9\tex/latex/atveryend\atveryen
d.sty"
Package: atveryend 2019-12-11 v1.11 Hooks at the very end of document (HO)
)
\Fld@listcount=\count105
\c@bookmark@seq@number=\count106

("C:\Users\hanna\AppData\Local\Programs\MiKTeX 2.9\tex/latex/rerunfilecheck\rer
unfilecheck.sty"
Package: rerunfilecheck 2019/12/05 v1.9 Rerun checks for auxiliary files (HO)

("C:\Users\hanna\AppData\Local\Programs\MiKTeX 2.9\tex/generic/uniquecounter\un
iquecounter.sty"
Package: uniquecounter 2019/12/15 v1.4 Provide unlimited unique counter (HO)
)
Package uniquecounter Info: New unique counter `rerunfilecheck' on input line 2
86.
)
\Hy@SectionHShift=\skip49
)
("C:\Users\hanna\AppData\Local\Programs\MiKTeX 2.9\tex/latex/base\inputenc.sty"
Package: inputenc 2018/08/11 v1.3c Input encoding file
\inpenc@prehook=\toks19
\inpenc@posthook=\toks20
) ("C:\Users\hanna\AppData\Local\Programs\MiKTeX 2.9\tex/latex/bbm\bbm.sty"
Package: bbm 1999/03/15 V 1.2 provides fonts for set symbols - TH
LaTeX Font Info:    Overwriting math alphabet `\mathbbm' in version `bold'
(Font)                  U/bbm/m/n --> U/bbm/bx/n on input line 33.
LaTeX Font Info:    Overwriting math alphabet `\mathbbmss' in version `bold'
(Font)                  U/bbmss/m/n --> U/bbmss/bx/n on input line 35.
)
("C:\Users\hanna\AppData\Local\Programs\MiKTeX 2.9\tex/generic/babel\babel.sty"
Package: babel 2019/12/08 3.37 The Babel package
("C:\Users\hanna\AppData\Local\Programs\MiKTeX 2.9\tex/generic/babel\switch.def
"
File: switch.def 2019/12/08 3.37 Babel switching mechanism
)
*************************************
* Local config file bblopts.cfg used
*
("C:\Users\hanna\AppData\Local\Programs\MiKTeX 2.9\tex/latex/arabi\bblopts.cfg"
File: bblopts.cfg 2005/09/08 v0.1 add Arabic and Farsi to "declared" options of
 babel
)
("C:\Users\hanna\AppData\Local\Programs\MiKTeX 2.9\tex/latex/babel-english\engl
ish.ldf"
Language: english 2017/06/06 v3.3r English support from the babel system

("C:\Users\hanna\AppData\Local\Programs\MiKTeX 2.9\tex/generic/babel\babel.def"
File: babel.def 2019/12/08 3.37 Babel common definitions
\babel@savecnt=\count107
\U@D=\dimen108

("C:\Users\hanna\AppData\Local\Programs\MiKTeX 2.9\tex/generic/babel\txtbabel.d
ef")
\bbl@dirlevel=\count108
)
Package babel Info: \l@canadian = using hyphenrules for english
(babel)             (\language0) on input line 102.
Package babel Info: \l@australian = using hyphenrules for ukenglish
(babel)             (\language76) on input line 105.
Package babel Info: \l@newzealand = using hyphenrules for ukenglish
(babel)             (\language76) on input line 108.
))
("C:\Users\hanna\AppData\Local\Programs\MiKTeX 2.9\tex/latex/amsfonts\amsfonts.
sty"
Package: amsfonts 2013/01/14 v3.01 Basic AMSFonts support
\@emptytoks=\toks21
\symAMSa=\mathgroup4
\symAMSb=\mathgroup5
LaTeX Font Info:    Redeclaring math symbol \hbar on input line 98.
LaTeX Font Info:    Overwriting math alphabet `\mathfrak' in version `bold'
(Font)                  U/euf/m/n --> U/euf/b/n on input line 106.
LaTeX Info: Redefining \frak on input line 111.
LaTeX Info: Redefining \Bbb on input line 113.
)
("C:\Users\hanna\AppData\Local\Programs\MiKTeX 2.9\tex/latex/amsmath\amsmath.st
y"
Package: amsmath 2019/11/16 v2.17d AMS math features
\@mathmargin=\skip50

For additional information on amsmath, use the `?' option.

("C:\Users\hanna\AppData\Local\Programs\MiKTeX 2.9\tex/latex/amsmath\amstext.st
y"
Package: amstext 2000/06/29 v2.01 AMS text

("C:\Users\hanna\AppData\Local\Programs\MiKTeX 2.9\tex/latex/amsmath\amsgen.sty
"
File: amsgen.sty 1999/11/30 v2.0 generic functions
\@emptytoks=\toks22
\ex@=\dimen109
)
LaTeX Info: Redefining \text on input line 28.
)
("C:\Users\hanna\AppData\Local\Programs\MiKTeX 2.9\tex/latex/amsmath\amsbsy.sty
"
Package: amsbsy 1999/11/29 v1.2d Bold Symbols
\pmbraise@=\dimen110
)
("C:\Users\hanna\AppData\Local\Programs\MiKTeX 2.9\tex/latex/amsmath\amsopn.sty
"
Package: amsopn 2016/03/08 v2.02 operator names
)
\inf@bad=\count109
LaTeX Info: Redefining \frac on input line 227.
\uproot@=\count110
\leftroot@=\count111
LaTeX Info: Redefining \overline on input line 389.
\classnum@=\count112
\DOTSCASE@=\count113
LaTeX Info: Redefining \ldots on input line 486.
LaTeX Info: Redefining \dots on input line 489.
LaTeX Info: Redefining \cdots on input line 610.
\Mathstrutbox@=\box44
\strutbox@=\box45
\big@size=\dimen111
LaTeX Font Info:    Redeclaring font encoding OML on input line 733.
LaTeX Font Info:    Redeclaring font encoding OMS on input line 734.
\macc@depth=\count114
\c@MaxMatrixCols=\count115
\dotsspace@=\muskip11
\c@parentequation=\count116
\dspbrk@lvl=\count117
\tag@help=\toks23
\row@=\count118
\column@=\count119
\maxfields@=\count120
\andhelp@=\toks24
\eqnshift@=\dimen112
\alignsep@=\dimen113
\tagshift@=\dimen114
\tagwidth@=\dimen115
\totwidth@=\dimen116
\lineht@=\dimen117
\@envbody=\toks25
\multlinegap=\skip51
\multlinetaggap=\skip52
\mathdisplay@stack=\toks26
LaTeX Info: Redefining \[ on input line 2858.
LaTeX Info: Redefining \] on input line 2859.
)
("C:\Users\hanna\AppData\Local\Programs\MiKTeX 2.9\tex/latex/amsfonts\amssymb.s
ty"
Package: amssymb 2013/01/14 v3.01 AMS font symbols
)
("C:\Users\hanna\AppData\Local\Programs\MiKTeX 2.9\tex/latex/stmaryrd\stmaryrd.
sty"
Package: stmaryrd 1994/03/03 St Mary's Road symbol package
\symstmry=\mathgroup6
LaTeX Font Info:    Overwriting symbol font `stmry' in version `bold'
(Font)                  U/stmry/m/n --> U/stmry/b/n on input line 89.
)
("C:\Users\hanna\AppData\Local\Programs\MiKTeX 2.9\tex/latex/graphics\graphicx.
sty"
Package: graphicx 2017/06/01 v1.1a Enhanced LaTeX Graphics (DPC,SPQR)

("C:\Users\hanna\AppData\Local\Programs\MiKTeX 2.9\tex/latex/graphics\graphics.
sty"
Package: graphics 2019/11/01 v1.3d Standard LaTeX Graphics (DPC,SPQR)

("C:\Users\hanna\AppData\Local\Programs\MiKTeX 2.9\tex/latex/graphics\trig.sty"
Package: trig 2016/01/03 v1.10 sin cos tan (DPC)
)
("C:\Users\hanna\AppData\Local\Programs\MiKTeX 2.9\tex/latex/graphics-cfg\graph
ics.cfg"
File: graphics.cfg 2016/06/04 v1.11 sample graphics configuration
)
Package graphics Info: Driver file: pdftex.def on input line 105.
)
\Gin@req@height=\dimen118
\Gin@req@width=\dimen119
)
("C:\Users\hanna\AppData\Local\Programs\MiKTeX 2.9\tex/latex/subfigure\subfigur
e.sty"
Package: subfigure 2002/07/30 v2.1.4 subfigure package
\subfigtopskip=\skip53
\subfigcapskip=\skip54
\subfigcaptopadj=\dimen120
\subfigbottomskip=\skip55
\subfigcapmargin=\dimen121
\subfiglabelskip=\skip56
\c@subfigure=\count121
\c@lofdepth=\count122
\c@subtable=\count123
\c@lotdepth=\count124

****************************************
* Local config file subfigure.cfg used *
****************************************

("C:\Users\hanna\AppData\Local\Programs\MiKTeX 2.9\tex/latex/subfigure\subfigur
e.cfg")
\subfig@top=\skip57
\subfig@bottom=\skip58
)
("C:\Users\hanna\AppData\Local\Programs\MiKTeX 2.9\tex/latex/graphics\epsfig.st
y"
Package: epsfig 2017/06/25 v1.7b (e)psfig emulation (SPQR)
\epsfxsize=\dimen122
\epsfysize=\dimen123
)
("C:\Users\hanna\AppData\Local\Programs\MiKTeX 2.9\tex/latex/jknappen\mathrsfs.
sty"
Package: mathrsfs 1996/01/01 Math RSFS package v1.0 (jk)
\symrsfs=\mathgroup7
)
("C:\Users\hanna\AppData\Local\Programs\MiKTeX 2.9\tex/latex/tools\verbatim.sty
"
Package: verbatim 2019/11/10 v1.5r LaTeX2e package for verbatim enhancements
\every@verbatim=\toks27
\verbatim@line=\toks28
\verbatim@in@stream=\read1
)
("C:\Users\hanna\AppData\Local\Programs\MiKTeX 2.9\tex/latex/oberdiek\centernot
.sty"
Package: centernot 2016/05/16 v1.4 Centers the not symbol horizontally (HO)
)
("C:\Users\hanna\AppData\Local\Programs\MiKTeX 2.9\tex/latex/ulem\ulem.sty"
\UL@box=\box46
\UL@hyphenbox=\box47
\UL@skip=\skip59
\UL@hook=\toks29
\UL@height=\dimen124
\UL@pe=\count125
\UL@pixel=\dimen125
\ULC@box=\box48
Package: ulem 2019/11/18
\ULdepth=\dimen126
)
("C:\Users\hanna\AppData\Local\Programs\MiKTeX 2.9\tex/latex/tools\longtable.st
y"
Package: longtable 2019/02/06 v4.12 Multi-page Table package (DPC)
\LTleft=\skip60
\LTright=\skip61
\LTpre=\skip62
\LTpost=\skip63
\LTchunksize=\count126
\LTcapwidth=\dimen127
\LT@head=\box49
\LT@firsthead=\box50
\LT@foot=\box51
\LT@lastfoot=\box52
\LT@cols=\count127
\LT@rows=\count128
\c@LT@tables=\count129
\c@LT@chunks=\count130
\LT@p@ftn=\toks30
)
("C:\Users\hanna\AppData\Local\Programs\MiKTeX 2.9\tex/latex/units\nicefrac.sty
"
Package: nicefrac 1998/08/04 v0.9b Nice fractions
\L@UnitsRaiseDisplaystyle=\skip64
\L@UnitsRaiseTextstyle=\skip65
\L@UnitsRaiseScriptstyle=\skip66
 ("C:\Users\hanna\AppData\Local\Programs\MiKTeX 2.9\tex/latex/base\ifthen.sty"
Package: ifthen 2014/09/29 v1.1c Standard LaTeX ifthen package (DPC)
))
("C:\Users\hanna\AppData\Local\Programs\MiKTeX 2.9\tex/latex/mdframed\mdframed.
sty"
Package: mdframed 2013/07/01 1.9b: mdframed

("C:\Users\hanna\AppData\Local\Programs\MiKTeX 2.9\tex/latex/l3packages/xparse\
xparse.sty"
("C:\Users\hanna\AppData\Local\Programs\MiKTeX 2.9\tex/latex/l3kernel\expl3.sty
"
Package: expl3 2020-01-12 L3 programming layer (loader) 

("C:\Users\hanna\AppData\Local\Programs\MiKTeX 2.9\tex/latex/l3kernel\expl3-cod
e.tex"
Package: expl3 2020-01-12 L3 programming layer (code)
\c_max_int=\count131
\l_tmpa_int=\count132
\l_tmpb_int=\count133
\g_tmpa_int=\count134
\g_tmpb_int=\count135
\l__seq_internal_a_int=\count136
\l__seq_internal_b_int=\count137
\g__kernel_prg_map_int=\count138
\c__ior_term_noprompt_ior=\count139
\c_log_iow=\count140
\l_iow_line_count_int=\count141
\l__iow_line_target_int=\count142
\l__iow_one_indent_int=\count143
\l__iow_indent_int=\count144
\c_zero_dim=\dimen128
\c_max_dim=\dimen129
\l_tmpa_dim=\dimen130
\l_tmpb_dim=\dimen131
\g_tmpa_dim=\dimen132
\g_tmpb_dim=\dimen133
\c_zero_skip=\skip67
\c_max_skip=\skip68
\l_tmpa_skip=\skip69
\l_tmpb_skip=\skip70
\g_tmpa_skip=\skip71
\g_tmpb_skip=\skip72
\c_zero_muskip=\muskip12
\c_max_muskip=\muskip13
\l_tmpa_muskip=\muskip14
\l_tmpb_muskip=\muskip15
\g_tmpa_muskip=\muskip16
\g_tmpb_muskip=\muskip17
\l_keys_choice_int=\count145
\l__intarray_loop_int=\count146
\c__intarray_sp_dim=\dimen134
\g__intarray_font_int=\count147
\c__fp_leading_shift_int=\count148
\c__fp_middle_shift_int=\count149
\c__fp_trailing_shift_int=\count150
\c__fp_big_leading_shift_int=\count151
\c__fp_big_middle_shift_int=\count152
\c__fp_big_trailing_shift_int=\count153
\c__fp_Bigg_leading_shift_int=\count154
\c__fp_Bigg_middle_shift_int=\count155
\c__fp_Bigg_trailing_shift_int=\count156
\c__kernel_randint_max_int=\count157
\g__fp_array_int=\count158
\l__fp_array_loop_int=\count159
\l__sort_length_int=\count160
\l__sort_min_int=\count161
\l__sort_top_int=\count162
\l__sort_max_int=\count163
\l__sort_true_max_int=\count164
\l__sort_block_int=\count165
\l__sort_begin_int=\count166
\l__sort_end_int=\count167
\l__sort_A_int=\count168
\l__sort_B_int=\count169
\l__sort_C_int=\count170
\l__str_internal_int=\count171
\c__str_replacement_char_int=\count172
\l__tl_analysis_normal_int=\count173
\l__tl_analysis_index_int=\count174
\l__tl_analysis_nesting_int=\count175
\l__tl_analysis_type_int=\count176
\l__regex_internal_a_int=\count177
\l__regex_internal_b_int=\count178
\l__regex_internal_c_int=\count179
\l__regex_balance_int=\count180
\l__regex_group_level_int=\count181
\l__regex_mode_int=\count182
\c__regex_cs_in_class_mode_int=\count183
\c__regex_cs_mode_int=\count184
\l__regex_catcodes_int=\count185
\l__regex_default_catcodes_int=\count186
\c__regex_catcode_D_int=\count187
\c__regex_catcode_S_int=\count188
\c__regex_catcode_L_int=\count189
\c__regex_catcode_O_int=\count190
\c__regex_catcode_A_int=\count191
\c__regex_all_catcodes_int=\count192
\l__regex_show_lines_int=\count193
\l__regex_min_state_int=\count194
\l__regex_max_state_int=\count195
\l__regex_left_state_int=\count196
\l__regex_right_state_int=\count197
\l__regex_capturing_group_int=\count198
\l__regex_min_pos_int=\count199
\l__regex_max_pos_int=\count266
\l__regex_curr_pos_int=\count267
\l__regex_start_pos_int=\count268
\l__regex_success_pos_int=\count269
\l__regex_curr_char_int=\count270
\l__regex_curr_catcode_int=\count271
\l__regex_last_char_int=\count272
\l__regex_case_changed_char_int=\count273
\l__regex_curr_state_int=\count274
\l__regex_step_int=\count275
\l__regex_min_active_int=\count276
\l__regex_max_active_int=\count277
\l__regex_replacement_csnames_int=\count278
\l__regex_match_count_int=\count279
\l__regex_min_submatch_int=\count280
\l__regex_submatch_int=\count281
\l__regex_zeroth_submatch_int=\count282
\g__regex_trace_regex_int=\count283
\c_empty_box=\box53
\l_tmpa_box=\box54
\l_tmpb_box=\box55
\g_tmpa_box=\box56
\g_tmpb_box=\box57
\l__box_top_dim=\dimen135
\l__box_bottom_dim=\dimen136
\l__box_left_dim=\dimen137
\l__box_right_dim=\dimen138
\l__box_top_new_dim=\dimen139
\l__box_bottom_new_dim=\dimen140
\l__box_left_new_dim=\dimen141
\l__box_right_new_dim=\dimen142
\l__box_internal_box=\box58
\l__coffin_internal_box=\box59
\l__coffin_internal_dim=\dimen143
\l__coffin_offset_x_dim=\dimen144
\l__coffin_offset_y_dim=\dimen145
\l__coffin_x_dim=\dimen146
\l__coffin_y_dim=\dimen147
\l__coffin_x_prime_dim=\dimen148
\l__coffin_y_prime_dim=\dimen149
\c_empty_coffin=\box60
\l__coffin_aligned_coffin=\box61
\l__coffin_aligned_internal_coffin=\box62
\l_tmpa_coffin=\box63
\l_tmpb_coffin=\box64
\g_tmpa_coffin=\box65
\g_tmpb_coffin=\box66
\l__coffin_bounding_shift_dim=\dimen150
\l__coffin_left_corner_dim=\dimen151
\l__coffin_right_corner_dim=\dimen152
\l__coffin_bottom_corner_dim=\dimen153
\l__coffin_top_corner_dim=\dimen154
\l__coffin_scaled_total_height_dim=\dimen155
\l__coffin_scaled_width_dim=\dimen156
\c__coffin_empty_coffin=\box67
\l__coffin_display_coffin=\box68
\l__coffin_display_coord_coffin=\box69
\l__coffin_display_pole_coffin=\box70
\l__coffin_display_offset_dim=\dimen157
\l__coffin_display_x_dim=\dimen158
\l__coffin_display_y_dim=\dimen159
\g__char_data_ior=\read2

("C:\Users\hanna\AppData\Local\Programs\MiKTeX 2.9\tex/latex/l3kernel\l3depreca
tion.def"
File: l3deprecation.def 2019-04-06 v L3 Deprecated functions
))
("C:\Users\hanna\AppData\Local\Programs\MiKTeX 2.9\tex/latex/l3backend\l3backen
d-pdfmode.def"
File: l3backend-pdfmode.def 2019-04-06 L3 backend support: PDF mode
\l__kernel_color_stack_int=\count284
\l__pdf_internal_box=\box71
))
Package: xparse 2020-01-12 L3 Experimental document command parser
\l__xparse_current_arg_int=\count285
\g__xparse_grabber_int=\count286
\l__xparse_m_args_int=\count287
\l__xparse_v_nesting_int=\count288
)
("C:\Users\hanna\AppData\Local\Programs\MiKTeX 2.9\tex/latex/etoolbox\etoolbox.
sty"
Package: etoolbox 2019/09/21 v2.5h e-TeX tools for LaTeX (JAW)
\etb@tempcnta=\count289
)
("C:\Users\hanna\AppData\Local\Programs\MiKTeX 2.9\tex/latex/zref\zref-abspage.
sty"
Package: zref-abspage 2020-07-03 v2.32 Module abspage for zref (HO)

("C:\Users\hanna\AppData\Local\Programs\MiKTeX 2.9\tex/latex/zref\zref-base.sty
"
Package: zref-base 2020-07-03 v2.32 Module base for zref (HO)
Package zref Info: New property list: main on input line 764.
Package zref Info: New property: default on input line 765.
Package zref Info: New property: page on input line 766.
)
\c@abspage=\count290
Package zref Info: New property: abspage on input line 66.
)
("C:\Users\hanna\AppData\Local\Programs\MiKTeX 2.9\tex/latex/needspace\needspac
e.sty"
Package: needspace 2010/09/12 v1.3d reserve vertical space
)
\mdf@templength=\skip73
\c@mdf@globalstyle@cnt=\count291
\mdf@skipabove@length=\skip74
\mdf@skipbelow@length=\skip75
\mdf@leftmargin@length=\skip76
\mdf@rightmargin@length=\skip77
\mdf@innerleftmargin@length=\skip78
\mdf@innerrightmargin@length=\skip79
\mdf@innertopmargin@length=\skip80
\mdf@innerbottommargin@length=\skip81
\mdf@splittopskip@length=\skip82
\mdf@splitbottomskip@length=\skip83
\mdf@outermargin@length=\skip84
\mdf@innermargin@length=\skip85
\mdf@linewidth@length=\skip86
\mdf@innerlinewidth@length=\skip87
\mdf@middlelinewidth@length=\skip88
\mdf@outerlinewidth@length=\skip89
\mdf@roundcorner@length=\skip90
\mdf@footenotedistance@length=\skip91
\mdf@userdefinedwidth@length=\skip92
\mdf@needspace@length=\skip93
\mdf@frametitleaboveskip@length=\skip94
\mdf@frametitlebelowskip@length=\skip95
\mdf@frametitlerulewidth@length=\skip96
\mdf@frametitleleftmargin@length=\skip97
\mdf@frametitlerightmargin@length=\skip98
\mdf@shadowsize@length=\skip99
\mdf@extratopheight@length=\skip100
\mdf@subtitleabovelinewidth@length=\skip101
\mdf@subtitlebelowlinewidth@length=\skip102
\mdf@subtitleaboveskip@length=\skip103
\mdf@subtitlebelowskip@length=\skip104
\mdf@subtitleinneraboveskip@length=\skip105
\mdf@subtitleinnerbelowskip@length=\skip106
\mdf@subsubtitleabovelinewidth@length=\skip107
\mdf@subsubtitlebelowlinewidth@length=\skip108
\mdf@subsubtitleaboveskip@length=\skip109
\mdf@subsubtitlebelowskip@length=\skip110
\mdf@subsubtitleinneraboveskip@length=\skip111
\mdf@subsubtitleinnerbelowskip@length=\skip112

("C:\Users\hanna\AppData\Local\Programs\MiKTeX 2.9\tex/latex/pgf/frontendlayer\
tikz.sty"
("C:\Users\hanna\AppData\Local\Programs\MiKTeX 2.9\tex/latex/pgf/basiclayer\pgf
.sty"
("C:\Users\hanna\AppData\Local\Programs\MiKTeX 2.9\tex/latex/pgf/utilities\pgfr
cs.sty"
("C:\Users\hanna\AppData\Local\Programs\MiKTeX 2.9\tex/generic/pgf/utilities\pg
futil-common.tex"
\pgfutil@everybye=\toks31
\pgfutil@tempdima=\dimen160
\pgfutil@tempdimb=\dimen161

("C:\Users\hanna\AppData\Local\Programs\MiKTeX 2.9\tex/generic/pgf/utilities\pg
futil-common-lists.tex"))
("C:\Users\hanna\AppData\Local\Programs\MiKTeX 2.9\tex/generic/pgf/utilities\pg
futil-latex.def"
\pgfutil@abb=\box72

("C:\Users\hanna\AppData\Local\Programs\MiKTeX 2.9\tex/latex/ms\everyshi.sty"
Package: everyshi 2001/05/15 v3.00 EveryShipout Package (MS)
))
("C:\Users\hanna\AppData\Local\Programs\MiKTeX 2.9\tex/generic/pgf/utilities\pg
frcs.code.tex"
("C:\Users\hanna\AppData\Local\Programs\MiKTeX 2.9\tex/generic/pgf\pgf.revision
.tex")
Package: pgfrcs 2020/01/08 v3.1.5b (3.1.5b)
))
Package: pgf 2020/01/08 v3.1.5b (3.1.5b)

("C:\Users\hanna\AppData\Local\Programs\MiKTeX 2.9\tex/latex/pgf/basiclayer\pgf
core.sty"
("C:\Users\hanna\AppData\Local\Programs\MiKTeX 2.9\tex/latex/pgf/systemlayer\pg
fsys.sty"
("C:\Users\hanna\AppData\Local\Programs\MiKTeX 2.9\tex/generic/pgf/systemlayer\
pgfsys.code.tex"
Package: pgfsys 2020/01/08 v3.1.5b (3.1.5b)

("C:\Users\hanna\AppData\Local\Programs\MiKTeX 2.9\tex/generic/pgf/utilities\pg
fkeys.code.tex"
\pgfkeys@pathtoks=\toks32
\pgfkeys@temptoks=\toks33

("C:\Users\hanna\AppData\Local\Programs\MiKTeX 2.9\tex/generic/pgf/utilities\pg
fkeysfiltered.code.tex"
\pgfkeys@tmptoks=\toks34
))
\pgf@x=\dimen162
\pgf@y=\dimen163
\pgf@xa=\dimen164
\pgf@ya=\dimen165
\pgf@xb=\dimen166
\pgf@yb=\dimen167
\pgf@xc=\dimen168
\pgf@yc=\dimen169
\pgf@xd=\dimen170
\pgf@yd=\dimen171
\w@pgf@writea=\write4
\r@pgf@reada=\read3
\c@pgf@counta=\count292
\c@pgf@countb=\count293
\c@pgf@countc=\count294
\c@pgf@countd=\count295
\t@pgf@toka=\toks35
\t@pgf@tokb=\toks36
\t@pgf@tokc=\toks37
\pgf@sys@id@count=\count296

("C:\Users\hanna\AppData\Local\Programs\MiKTeX 2.9\tex/generic/pgf/systemlayer\
pgf.cfg"
File: pgf.cfg 2020/01/08 v3.1.5b (3.1.5b)
)
Driver file for pgf: pgfsys-pdftex.def

("C:\Users\hanna\AppData\Local\Programs\MiKTeX 2.9\tex/generic/pgf/systemlayer\
pgfsys-pdftex.def"
File: pgfsys-pdftex.def 2020/01/08 v3.1.5b (3.1.5b)

("C:\Users\hanna\AppData\Local\Programs\MiKTeX 2.9\tex/generic/pgf/systemlayer\
pgfsys-common-pdf.def"
File: pgfsys-common-pdf.def 2020/01/08 v3.1.5b (3.1.5b)
)))
("C:\Users\hanna\AppData\Local\Programs\MiKTeX 2.9\tex/generic/pgf/systemlayer\
pgfsyssoftpath.code.tex"
File: pgfsyssoftpath.code.tex 2020/01/08 v3.1.5b (3.1.5b)
\pgfsyssoftpath@smallbuffer@items=\count297
\pgfsyssoftpath@bigbuffer@items=\count298
)
("C:\Users\hanna\AppData\Local\Programs\MiKTeX 2.9\tex/generic/pgf/systemlayer\
pgfsysprotocol.code.tex"
File: pgfsysprotocol.code.tex 2020/01/08 v3.1.5b (3.1.5b)
))
("C:\Users\hanna\AppData\Local\Programs\MiKTeX 2.9\tex/generic/pgf/basiclayer\p
gfcore.code.tex"
Package: pgfcore 2020/01/08 v3.1.5b (3.1.5b)

("C:\Users\hanna\AppData\Local\Programs\MiKTeX 2.9\tex/generic/pgf/math\pgfmath
.code.tex"
("C:\Users\hanna\AppData\Local\Programs\MiKTeX 2.9\tex/generic/pgf/math\pgfmath
calc.code.tex"
("C:\Users\hanna\AppData\Local\Programs\MiKTeX 2.9\tex/generic/pgf/math\pgfmath
util.code.tex")
("C:\Users\hanna\AppData\Local\Programs\MiKTeX 2.9\tex/generic/pgf/math\pgfmath
parser.code.tex"
\pgfmath@dimen=\dimen172
\pgfmath@count=\count299
\pgfmath@box=\box73
\pgfmath@toks=\toks38
\pgfmath@stack@operand=\toks39
\pgfmath@stack@operation=\toks40
)
("C:\Users\hanna\AppData\Local\Programs\MiKTeX 2.9\tex/generic/pgf/math\pgfmath
functions.code.tex"
("C:\Users\hanna\AppData\Local\Programs\MiKTeX 2.9\tex/generic/pgf/math\pgfmath
functions.basic.code.tex")
("C:\Users\hanna\AppData\Local\Programs\MiKTeX 2.9\tex/generic/pgf/math\pgfmath
functions.trigonometric.code.tex")
("C:\Users\hanna\AppData\Local\Programs\MiKTeX 2.9\tex/generic/pgf/math\pgfmath
functions.random.code.tex")
("C:\Users\hanna\AppData\Local\Programs\MiKTeX 2.9\tex/generic/pgf/math\pgfmath
functions.comparison.code.tex")
("C:\Users\hanna\AppData\Local\Programs\MiKTeX 2.9\tex/generic/pgf/math\pgfmath
functions.base.code.tex")
("C:\Users\hanna\AppData\Local\Programs\MiKTeX 2.9\tex/generic/pgf/math\pgfmath
functions.round.code.tex")
("C:\Users\hanna\AppData\Local\Programs\MiKTeX 2.9\tex/generic/pgf/math\pgfmath
functions.misc.code.tex")
("C:\Users\hanna\AppData\Local\Programs\MiKTeX 2.9\tex/generic/pgf/math\pgfmath
functions.integerarithmetics.code.tex")))
("C:\Users\hanna\AppData\Local\Programs\MiKTeX 2.9\tex/generic/pgf/math\pgfmath
float.code.tex"
\c@pgfmathroundto@lastzeros=\count300
))
("C:\Users\hanna\AppData\Local\Programs\MiKTeX 2.9\tex/generic/pgf/math\pgfint.
code.tex")
("C:\Users\hanna\AppData\Local\Programs\MiKTeX 2.9\tex/generic/pgf/basiclayer\p
gfcorepoints.code.tex"
File: pgfcorepoints.code.tex 2020/01/08 v3.1.5b (3.1.5b)
\pgf@picminx=\dimen173
\pgf@picmaxx=\dimen174
\pgf@picminy=\dimen175
\pgf@picmaxy=\dimen176
\pgf@pathminx=\dimen177
\pgf@pathmaxx=\dimen178
\pgf@pathminy=\dimen179
\pgf@pathmaxy=\dimen180
\pgf@xx=\dimen181
\pgf@xy=\dimen182
\pgf@yx=\dimen183
\pgf@yy=\dimen184
\pgf@zx=\dimen185
\pgf@zy=\dimen186
)
("C:\Users\hanna\AppData\Local\Programs\MiKTeX 2.9\tex/generic/pgf/basiclayer\p
gfcorepathconstruct.code.tex"
File: pgfcorepathconstruct.code.tex 2020/01/08 v3.1.5b (3.1.5b)
\pgf@path@lastx=\dimen187
\pgf@path@lasty=\dimen188
)
("C:\Users\hanna\AppData\Local\Programs\MiKTeX 2.9\tex/generic/pgf/basiclayer\p
gfcorepathusage.code.tex"
File: pgfcorepathusage.code.tex 2020/01/08 v3.1.5b (3.1.5b)
\pgf@shorten@end@additional=\dimen189
\pgf@shorten@start@additional=\dimen190
)
("C:\Users\hanna\AppData\Local\Programs\MiKTeX 2.9\tex/generic/pgf/basiclayer\p
gfcorescopes.code.tex"
File: pgfcorescopes.code.tex 2020/01/08 v3.1.5b (3.1.5b)
\pgfpic=\box74
\pgf@hbox=\box75
\pgf@layerbox@main=\box76
\pgf@picture@serial@count=\count301
)
("C:\Users\hanna\AppData\Local\Programs\MiKTeX 2.9\tex/generic/pgf/basiclayer\p
gfcoregraphicstate.code.tex"
File: pgfcoregraphicstate.code.tex 2020/01/08 v3.1.5b (3.1.5b)
\pgflinewidth=\dimen191
)
("C:\Users\hanna\AppData\Local\Programs\MiKTeX 2.9\tex/generic/pgf/basiclayer\p
gfcoretransformations.code.tex"
File: pgfcoretransformations.code.tex 2020/01/08 v3.1.5b (3.1.5b)
\pgf@pt@x=\dimen192
\pgf@pt@y=\dimen193
\pgf@pt@temp=\dimen194
)
("C:\Users\hanna\AppData\Local\Programs\MiKTeX 2.9\tex/generic/pgf/basiclayer\p
gfcorequick.code.tex"
File: pgfcorequick.code.tex 2020/01/08 v3.1.5b (3.1.5b)
)
("C:\Users\hanna\AppData\Local\Programs\MiKTeX 2.9\tex/generic/pgf/basiclayer\p
gfcoreobjects.code.tex"
File: pgfcoreobjects.code.tex 2020/01/08 v3.1.5b (3.1.5b)
)
("C:\Users\hanna\AppData\Local\Programs\MiKTeX 2.9\tex/generic/pgf/basiclayer\p
gfcorepathprocessing.code.tex"
File: pgfcorepathprocessing.code.tex 2020/01/08 v3.1.5b (3.1.5b)
)
("C:\Users\hanna\AppData\Local\Programs\MiKTeX 2.9\tex/generic/pgf/basiclayer\p
gfcorearrows.code.tex"
File: pgfcorearrows.code.tex 2020/01/08 v3.1.5b (3.1.5b)
\pgfarrowsep=\dimen195
)
("C:\Users\hanna\AppData\Local\Programs\MiKTeX 2.9\tex/generic/pgf/basiclayer\p
gfcoreshade.code.tex"
File: pgfcoreshade.code.tex 2020/01/08 v3.1.5b (3.1.5b)
\pgf@max=\dimen196
\pgf@sys@shading@range@num=\count302
\pgf@shadingcount=\count303
)
("C:\Users\hanna\AppData\Local\Programs\MiKTeX 2.9\tex/generic/pgf/basiclayer\p
gfcoreimage.code.tex"
File: pgfcoreimage.code.tex 2020/01/08 v3.1.5b (3.1.5b)

("C:\Users\hanna\AppData\Local\Programs\MiKTeX 2.9\tex/generic/pgf/basiclayer\p
gfcoreexternal.code.tex"
File: pgfcoreexternal.code.tex 2020/01/08 v3.1.5b (3.1.5b)
\pgfexternal@startupbox=\box77
))
("C:\Users\hanna\AppData\Local\Programs\MiKTeX 2.9\tex/generic/pgf/basiclayer\p
gfcorelayers.code.tex"
File: pgfcorelayers.code.tex 2020/01/08 v3.1.5b (3.1.5b)
)
("C:\Users\hanna\AppData\Local\Programs\MiKTeX 2.9\tex/generic/pgf/basiclayer\p
gfcoretransparency.code.tex"
File: pgfcoretransparency.code.tex 2020/01/08 v3.1.5b (3.1.5b)
)
("C:\Users\hanna\AppData\Local\Programs\MiKTeX 2.9\tex/generic/pgf/basiclayer\p
gfcorepatterns.code.tex"
File: pgfcorepatterns.code.tex 2020/01/08 v3.1.5b (3.1.5b)
)
("C:\Users\hanna\AppData\Local\Programs\MiKTeX 2.9\tex/generic/pgf/basiclayer\p
gfcorerdf.code.tex"
File: pgfcorerdf.code.tex 2020/01/08 v3.1.5b (3.1.5b)
)))
("C:\Users\hanna\AppData\Local\Programs\MiKTeX 2.9\tex/generic/pgf/modules\pgfm
oduleshapes.code.tex"
File: pgfmoduleshapes.code.tex 2020/01/08 v3.1.5b (3.1.5b)
\pgfnodeparttextbox=\box78
)
("C:\Users\hanna\AppData\Local\Programs\MiKTeX 2.9\tex/generic/pgf/modules\pgfm
oduleplot.code.tex"
File: pgfmoduleplot.code.tex 2020/01/08 v3.1.5b (3.1.5b)
)
("C:\Users\hanna\AppData\Local\Programs\MiKTeX 2.9\tex/latex/pgf/compatibility\
pgfcomp-version-0-65.sty"
Package: pgfcomp-version-0-65 2020/01/08 v3.1.5b (3.1.5b)
\pgf@nodesepstart=\dimen197
\pgf@nodesepend=\dimen198
)
("C:\Users\hanna\AppData\Local\Programs\MiKTeX 2.9\tex/latex/pgf/compatibility\
pgfcomp-version-1-18.sty"
Package: pgfcomp-version-1-18 2020/01/08 v3.1.5b (3.1.5b)
))
("C:\Users\hanna\AppData\Local\Programs\MiKTeX 2.9\tex/latex/pgf/utilities\pgff
or.sty"
("C:\Users\hanna\AppData\Local\Programs\MiKTeX 2.9\tex/latex/pgf/utilities\pgfk
eys.sty"
("C:\Users\hanna\AppData\Local\Programs\MiKTeX 2.9\tex/generic/pgf/utilities\pg
fkeys.code.tex"))
("C:\Users\hanna\AppData\Local\Programs\MiKTeX 2.9\tex/latex/pgf/math\pgfmath.s
ty"
("C:\Users\hanna\AppData\Local\Programs\MiKTeX 2.9\tex/generic/pgf/math\pgfmath
.code.tex"))
("C:\Users\hanna\AppData\Local\Programs\MiKTeX 2.9\tex/generic/pgf/utilities\pg
ffor.code.tex"
Package: pgffor 2020/01/08 v3.1.5b (3.1.5b)

("C:\Users\hanna\AppData\Local\Programs\MiKTeX 2.9\tex/generic/pgf/math\pgfmath
.code.tex")
\pgffor@iter=\dimen199
\pgffor@skip=\dimen256
\pgffor@stack=\toks41
\pgffor@toks=\toks42
))
("C:\Users\hanna\AppData\Local\Programs\MiKTeX 2.9\tex/generic/pgf/frontendlaye
r/tikz\tikz.code.tex"
Package: tikz 2020/01/08 v3.1.5b (3.1.5b)

("C:\Users\hanna\AppData\Local\Programs\MiKTeX 2.9\tex/generic/pgf/libraries\pg
flibraryplothandlers.code.tex"
File: pgflibraryplothandlers.code.tex 2020/01/08 v3.1.5b (3.1.5b)
\pgf@plot@mark@count=\count304
\pgfplotmarksize=\dimen257
)
\tikz@lastx=\dimen258
\tikz@lasty=\dimen259
\tikz@lastxsaved=\dimen260
\tikz@lastysaved=\dimen261
\tikz@lastmovetox=\dimen262
\tikz@lastmovetoy=\dimen263
\tikzleveldistance=\dimen264
\tikzsiblingdistance=\dimen265
\tikz@figbox=\box79
\tikz@figbox@bg=\box80
\tikz@tempbox=\box81
\tikz@tempbox@bg=\box82
\tikztreelevel=\count305
\tikznumberofchildren=\count306
\tikznumberofcurrentchild=\count307
\tikz@fig@count=\count308

("C:\Users\hanna\AppData\Local\Programs\MiKTeX 2.9\tex/generic/pgf/modules\pgfm
odulematrix.code.tex"
File: pgfmodulematrix.code.tex 2020/01/08 v3.1.5b (3.1.5b)
\pgfmatrixcurrentrow=\count309
\pgfmatrixcurrentcolumn=\count310
\pgf@matrix@numberofcolumns=\count311
)
\tikz@expandcount=\count312

("C:\Users\hanna\AppData\Local\Programs\MiKTeX 2.9\tex/generic/pgf/frontendlaye
r/tikz/libraries\tikzlibrarytopaths.code.tex"
File: tikzlibrarytopaths.code.tex 2020/01/08 v3.1.5b (3.1.5b)
)))
("C:\Users\hanna\AppData\Local\Programs\MiKTeX 2.9\tex/latex/mdframed\md-frame-
1.mdf"
File: md-frame-1.mdf 2013/07/01\ 1.9b: md-frame-1
)
\mdf@frametitlebox=\box83
\mdf@footnotebox=\box84
\mdf@splitbox@one=\box85
\mdf@splitbox@two=\box86
\mdf@splitbox@save=\box87
\mdfsplitboxwidth=\skip113
\mdfsplitboxtotalwidth=\skip114
\mdfsplitboxheight=\skip115
\mdfsplitboxdepth=\skip116
\mdfsplitboxtotalheight=\skip117
\mdfframetitleboxwidth=\skip118
\mdfframetitleboxtotalwidth=\skip119
\mdfframetitleboxheight=\skip120
\mdfframetitleboxdepth=\skip121
\mdfframetitleboxtotalheight=\skip122
\mdffootnoteboxwidth=\skip123
\mdffootnoteboxtotalwidth=\skip124
\mdffootnoteboxheight=\skip125
\mdffootnoteboxdepth=\skip126
\mdffootnoteboxtotalheight=\skip127
\mdftotallinewidth=\skip128
\mdfboundingboxwidth=\skip129
\mdfboundingboxtotalwidth=\skip130
\mdfboundingboxheight=\skip131
\mdfboundingboxdepth=\skip132
\mdfboundingboxtotalheight=\skip133
\mdf@freevspace@length=\skip134
\mdf@horizontalwidthofbox@length=\skip135
\mdf@verticalmarginwhole@length=\skip136
\mdf@horizontalspaceofbox=\skip137
\mdfsubtitleheight=\skip138
\mdfsubsubtitleheight=\skip139
\c@mdfcountframes=\count313

****** mdframed patching \endmdf@trivlist

****** -- success******

\mdf@envdepth=\count314
\c@mdf@env@i=\count315
\c@mdf@env@ii=\count316
\c@mdf@zref@counter=\count317
Package zref Info: New property: mdf@pagevalue on input line 895.
)
("C:\Users\hanna\AppData\Local\Programs\MiKTeX 2.9\tex/latex/cancel\cancel.sty"
Package: cancel 2013/04/12 v2.2 Cancel math terms
) ("C:\Users\hanna\AppData\Local\Programs\MiKTeX 2.9\tex/latex/tools\bm.sty"
Package: bm 2019/07/24 v1.2d Bold Symbol Support (DPC/FMi)
\symboldoperators=\mathgroup8
\symboldletters=\mathgroup9
\symboldsymbols=\mathgroup10
\symboldstmry=\mathgroup11
LaTeX Font Info:    Redeclaring math alphabet \mathbf on input line 141.
LaTeX Info: Redefining \bm on input line 209.
)
Class revtex4-1 Info: colortbl package is loaded. (Proceeding with fingers cros
sed.) on input line 169.
Class revtex4-1 Info: Patching longtable package on input line 169.
Class revtex4-1 Info: cite was not loaded (OK!) on input line 169.
Class revtex4-1 Info: mcite was not loaded (OK!) on input line 169.
Class revtex4-1 Info: multicol was not loaded (OK!) on input line 169.


LaTeX Warning: Unused global option(s):
    [toc=flat,biblatex].

(main.aux)
\openout1 = `main.aux'.

LaTeX Font Info:    Checking defaults for OML/cmm/m/it on input line 169.
LaTeX Font Info:    ... okay on input line 169.
LaTeX Font Info:    Checking defaults for T1/cmr/m/n on input line 169.
LaTeX Font Info:    ... okay on input line 169.
LaTeX Font Info:    Checking defaults for OT1/cmr/m/n on input line 169.
LaTeX Font Info:    ... okay on input line 169.
LaTeX Font Info:    Checking defaults for OMS/cmsy/m/n on input line 169.
LaTeX Font Info:    ... okay on input line 169.
LaTeX Font Info:    Checking defaults for OMX/cmex/m/n on input line 169.
LaTeX Font Info:    ... okay on input line 169.
LaTeX Font Info:    Checking defaults for U/cmr/m/n on input line 169.
LaTeX Font Info:    ... okay on input line 169.
LaTeX Font Info:    Checking defaults for PD1/pdf/m/n on input line 169.
LaTeX Font Info:    ... okay on input line 169.

("C:\Users\hanna\AppData\Local\Programs\MiKTeX 2.9\tex/context/base/mkii\supp-p
df.mkii"
[Loading MPS to PDF converter (version 2006.09.02).]
\scratchcounter=\count318
\scratchdimen=\dimen266
\scratchbox=\box88
\nofMPsegments=\count319
\nofMParguments=\count320
\everyMPshowfont=\toks43
\MPscratchCnt=\count321
\MPscratchDim=\dimen267
\MPnumerator=\count322
\makeMPintoPDFobject=\count323
\everyMPtoPDFconversion=\toks44
)
("C:\Users\hanna\AppData\Local\Programs\MiKTeX 2.9\tex/latex/epstopdf-pkg\epsto
pdf-base.sty"
Package: epstopdf-base 2019-12-09 v2.10 Base part for package epstopdf
Package epstopdf-base Info: Redefining graphics rule for `.eps' on input line 4
85.
)
\AtBeginShipoutBox=\box89
Package hyperref Info: Link coloring OFF on input line 169.

("C:\Users\hanna\AppData\Local\Programs\MiKTeX 2.9\tex/latex/hyperref\nameref.s
ty"
Package: nameref 2019/09/16 v2.46 Cross-referencing by name of section

("C:\Users\hanna\AppData\Local\Programs\MiKTeX 2.9\tex/latex/refcount\refcount.
sty"
Package: refcount 2019/12/15 v3.6 Data extraction from label references (HO)
)
("C:\Users\hanna\AppData\Local\Programs\MiKTeX 2.9\tex/generic/gettitlestring\g
ettitlestring.sty"
Package: gettitlestring 2019/12/15 v1.6 Cleanup title references (HO)
)
\c@section@level=\count324
)
LaTeX Info: Redefining \ref on input line 169.
LaTeX Info: Redefining \pageref on input line 169.
LaTeX Info: Redefining \nameref on input line 169.
 (main.out) (main.out)
\@outlinefile=\write5
\openout5 = `main.out'.


ABD: EveryShipout initializing macros
Class revtex4-1 Info: Taking \maketitle back from hyperref on input line 169.
\openout3 = `mainNotes.bib'.

LaTeX Font Info:    Trying to load font information for U+msa on input line 215
.

("C:\Users\hanna\AppData\Local\Programs\MiKTeX 2.9\tex/latex/amsfonts\umsa.fd"
File: umsa.fd 2013/01/14 v3.01 AMS symbols A
)
LaTeX Font Info:    Trying to load font information for U+msb on input line 215
.
("C:\Users\hanna\AppData\Local\Programs\MiKTeX 2.9\tex/latex/amsfonts\umsb.fd"
File: umsb.fd 2013/01/14 v3.01 AMS symbols B
)
LaTeX Font Info:    Trying to load font information for U+stmry on input line 2
15.
("C:\Users\hanna\AppData\Local\Programs\MiKTeX 2.9\tex/latex/stmaryrd\ustmry.fd
")
LaTeX Font Info:    Trying to load font information for U+rsfs on input line 21
5.

("C:\Users\hanna\AppData\Local\Programs\MiKTeX 2.9\tex/latex/jknappen\ursfs.fd"
File: ursfs.fd 1998/03/24 rsfs font definition file (jk)
)

LaTeX Font Warning: Font shape `U/stmry/b/n' undefined
(Font)              using `U/stmry/m/n' instead on input line 215.

<Procedure2.pdf, id=107, 768.65385pt x 672.84584pt>
File: Procedure2.pdf Graphic file (type pdf)
<use Procedure2.pdf>
Package pdftex.def Info: Procedure2.pdf  used on input line 229.
(pdftex.def)             Requested size: 252.44751pt x 220.98233pt.

Overfull \hbox (6.44751pt too wide) in paragraph at lines 229--230
 [][] 
 []

[1{C:/Users/hanna/AppData/Local/MiKTeX/2.9/pdftex/config/pdftex.map}]

LaTeX Warning: A float is stuck (cannot be placed); try class option [floatfix]
 on input line 236.


Underfull \hbox (badness 10000) in paragraph at lines 260--262

 []

[2 <./Procedure2.pdf>]
Underfull \hbox (badness 10000) in paragraph at lines 286--287
 []\OT1/cmr/m/n/10 Else, the prob-a-bil-ity dis-tri-bu-tions
 []


Underfull \hbox (badness 5490) in paragraph at lines 286--287
 \OML/cmm/m/it/10 p[]\OT1/cmr/m/n/10 (\OML/cmm/b/it/10 x\OT1/cmr/m/n/10 ) = \OM
S/cmsy/m/n/10 j\OML/cmm/m/it/10  []\OT1/cmr/m/n/10 (\OML/cmm/b/it/10 x\OT1/cmr/
m/n/10 )\OMS/cmsy/m/n/10 j[]$ \OT1/cmr/m/n/10 with $\OML/cmm/m/it/10  []$
 []


Underfull \hbox (badness 2119) in paragraph at lines 286--287
 \OT1/cmr/m/n/10 Here, we cal-cu-late the RBM prob-a-bil-ity
 []

LaTeX Font Info:    Trying to load font information for OMS+cmr on input line 3
04.
("C:\Users\hanna\AppData\Local\Programs\MiKTeX 2.9\tex/latex/base\omscmr.fd"
File: omscmr.fd 2014/09/29 v2.5h Standard LaTeX font definitions
)
LaTeX Font Info:    Font shape `OMS/cmr/m/n' in size <10> not available
(Font)              Font shape `OMS/cmsy/m/n' tried instead on input line 304.

[3]
<Paper/Graphics/LearningCurve.pdf, id=247, 361.35pt x 361.35pt>
File: Paper/Graphics/LearningCurve.pdf Graphic file (type pdf)
<use Paper/Graphics/LearningCurve.pdf>
Package pdftex.def Info: Paper/Graphics/LearningCurve.pdf  used on input line 3
69.
(pdftex.def)             Requested size: 244.79782pt x 244.79947pt.

Underfull \hbox (badness 10000) in paragraph at lines 379--380

 []

[4]

LaTeX Warning: A float is stuck (cannot be placed); try class option [floatfix]
 on input line 382.


Underfull \hbox (badness 1406) in paragraph at lines 388--389
\OT1/cmr/m/n/10 How-ever, when re-quest-ing more and more sam-ples
 []


Underfull \hbox (badness 10000) in paragraph at lines 388--389

 []

<Paper/Graphics/rescaled_fidelity.pdf, id=279, 361.35pt x 180.675pt>
File: Paper/Graphics/rescaled_fidelity.pdf Graphic file (type pdf)
<use Paper/Graphics/rescaled_fidelity.pdf>
Package pdftex.def Info: Paper/Graphics/rescaled_fidelity.pdf  used on input li
ne 399.
(pdftex.def)             Requested size: 244.79782pt x 122.39972pt.
<Paper/Graphics/classical_GHZ.pdf, id=288, 433.62pt x 289.08pt>
File: Paper/Graphics/classical_GHZ.pdf Graphic file (type pdf)
<use Paper/Graphics/classical_GHZ.pdf>
Package pdftex.def Info: Paper/Graphics/classical_GHZ.pdf  used on input line 4
08.
(pdftex.def)             Requested size: 244.79782pt x 163.19817pt.
[5 <./Paper/Graphics/LearningCurve.pdf>]

LaTeX Warning: A float is stuck (cannot be placed); try class option [floatfix]
 on input line 415.


LaTeX Warning: No positions in optional float specifier.
               Default added (so using `tbp') on input line 428.

<Paper/Graphics/GHZ_rescaled_fidelity.pdf, id=341, 180.675pt x 180.675pt>
File: Paper/Graphics/GHZ_rescaled_fidelity.pdf Graphic file (type pdf)
<use Paper/Graphics/GHZ_rescaled_fidelity.pdf>
Package pdftex.def Info: Paper/Graphics/GHZ_rescaled_fidelity.pdf  used on inpu
t line 447.
(pdftex.def)             Requested size: 117.29782pt x 117.2995pt.
<Paper/Graphics/GHZ_KL.pdf, id=342, 180.675pt x 180.675pt>
File: Paper/Graphics/GHZ_KL.pdf Graphic file (type pdf)
<use Paper/Graphics/GHZ_KL.pdf>
Package pdftex.def Info: Paper/Graphics/GHZ_KL.pdf  used on input line 450.
(pdftex.def)             Requested size: 117.29782pt x 117.2995pt.
[6 <./Paper/Graphics/rescaled_fidelity.pdf> <./Paper/Graphics/classical_GHZ.pdf


pdfTeX warning: pdflatex.exe (file ./Paper/Graphics/classical_GHZ.pdf): PDF inc
lusion: multiple pdfs with page group included in a single page
>]
<Paper/Graphics/GHZ_fidelity_15_qubits_summary.pdf, id=406, 433.62pt x 216.81pt
>
File: Paper/Graphics/GHZ_fidelity_15_qubits_summary.pdf Graphic file (type pdf)

<use Paper/Graphics/GHZ_fidelity_15_qubits_summary.pdf>
Package pdftex.def Info: Paper/Graphics/GHZ_fidelity_15_qubits_summary.pdf  use
d on input line 458.
(pdftex.def)             Requested size: 244.79782pt x 122.39862pt.
<Paper/Graphics/LGT_different_threshold_correlator_19_qubits.pdf, id=409, 433.6
2pt x 216.81pt>
File: Paper/Graphics/LGT_different_threshold_correlator_19_qubits.pdf Graphic f
ile (type pdf)
<use Paper/Graphics/LGT_different_threshold_correlator_19_qubits.pdf>
Package pdftex.def Info: Paper/Graphics/LGT_different_threshold_correlator_19_q
ubits.pdf  used on input line 469.
(pdftex.def)             Requested size: 229.49844pt x 114.74995pt.
<Paper/Graphics/LGT_different_threshold_density_19_qubits.pdf, id=410, 433.62pt
 x 216.81pt>
File: Paper/Graphics/LGT_different_threshold_density_19_qubits.pdf Graphic file
 (type pdf)
<use Paper/Graphics/LGT_different_threshold_density_19_qubits.pdf>
Package pdftex.def Info: Paper/Graphics/LGT_different_threshold_density_19_qubi
ts.pdf  used on input line 470.
(pdftex.def)             Requested size: 229.49844pt x 114.74995pt.
<Paper/Graphics/LGT_h=1_finite_mu_correlator_19_qubits.pdf, id=415, 433.62pt x 
216.81pt>
File: Paper/Graphics/LGT_h=1_finite_mu_correlator_19_qubits.pdf Graphic file (t
ype pdf)
<use Paper/Graphics/LGT_h=1_finite_mu_correlator_19_qubits.pdf>
Package pdftex.def Info: Paper/Graphics/LGT_h=1_finite_mu_correlator_19_qubits.
pdf  used on input line 479.
(pdftex.def)             Requested size: 229.49844pt x 114.74995pt.
<Paper/Graphics/LGT_h=1_finite_mu_density_19_qubits.pdf, id=416, 433.62pt x 216
.81pt>
File: Paper/Graphics/LGT_h=1_finite_mu_density_19_qubits.pdf Graphic file (type
 pdf)
<use Paper/Graphics/LGT_h=1_finite_mu_density_19_qubits.pdf>
Package pdftex.def Info: Paper/Graphics/LGT_h=1_finite_mu_density_19_qubits.pdf
  used on input line 480.
(pdftex.def)             Requested size: 229.49844pt x 114.74995pt.
<Paper/Graphics/LGT_different_threshold_density_difference.pdf, id=421, 180.675
pt x 180.675pt>
File: Paper/Graphics/LGT_different_threshold_density_difference.pdf Graphic fil
e (type pdf)
<use Paper/Graphics/LGT_different_threshold_density_difference.pdf>
Package pdftex.def Info: Paper/Graphics/LGT_different_threshold_density_differe
nce.pdf  used on input line 491.
(pdftex.def)             Requested size: 117.29782pt x 117.2995pt.
<Paper/Graphics/LGT_different_threshold_correlator_difference.pdf, id=422, 180.
675pt x 180.675pt>
File: Paper/Graphics/LGT_different_threshold_correlator_difference.pdf Graphic 
file (type pdf)
<use Paper/Graphics/LGT_different_threshold_correlator_difference.pdf>
Package pdftex.def Info: Paper/Graphics/LGT_different_threshold_correlator_diff
erence.pdf  used on input line 494.
(pdftex.def)             Requested size: 117.29782pt x 117.2995pt.
<Paper/Graphics/LGT_h=1_finite_mu_density_difference.pdf, id=427, 180.675pt x 1
80.675pt>
File: Paper/Graphics/LGT_h=1_finite_mu_density_difference.pdf Graphic file (typ
e pdf)
<use Paper/Graphics/LGT_h=1_finite_mu_density_difference.pdf>
Package pdftex.def Info: Paper/Graphics/LGT_h=1_finite_mu_density_difference.pd
f  used on input line 505.
(pdftex.def)             Requested size: 117.29782pt x 117.2995pt.
<Paper/Graphics/LGT_h=1_finite_mu_correlator_difference.pdf, id=428, 180.675pt 
x 180.675pt>
File: Paper/Graphics/LGT_h=1_finite_mu_correlator_difference.pdf Graphic file (
type pdf)
<use Paper/Graphics/LGT_h=1_finite_mu_correlator_difference.pdf>
Package pdftex.def Info: Paper/Graphics/LGT_h=1_finite_mu_correlator_difference
.pdf  used on input line 508.
(pdftex.def)             Requested size: 117.29782pt x 117.2995pt.
 [7 <./Paper/Graphics/GHZ_rescaled_fidelity.pdf> <./Paper/Graphics/GHZ_KL.pdf

pdfTeX warning: pdflatex.exe (file ./Paper/Graphics/GHZ_KL.pdf): PDF inclusion:
 multiple pdfs with page group included in a single page
> <./Paper/Graphics/GHZ_fidelity_15_qubits_summary.pdf

pdfTeX warning: pdflatex.exe (file ./Paper/Graphics/GHZ_fidelity_15_qubits_summ
ary.pdf): PDF inclusion: multiple pdfs with page group included in a single pag
e
> <./Paper/Graphics/LGT_different_threshold_correlator_19_qubits.pdf

pdfTeX warning: pdflatex.exe (file ./Paper/Graphics/LGT_different_threshold_cor
relator_19_qubits.pdf): PDF inclusion: multiple pdfs with page group included i
n a single page
> <./Paper/Graphics/LGT_different_threshold_density_19_qubits.pdf

pdfTeX warning: pdflatex.exe (file ./Paper/Graphics/LGT_different_threshold_den
sity_19_qubits.pdf): PDF inclusion: multiple pdfs with page group included in a
 single page
>]

LaTeX Warning: A float is stuck (cannot be placed); try class option [floatfix]
 on input line 531.


Underfull \hbox (badness 10000) in paragraph at lines 534--537

 []


LaTeX Warning: No positions in optional float specifier.
               Default added (so using `tbp') on input line 542.

[8 <./Paper/Graphics/LGT_h=1_finite_mu_correlator_19_qubits.pdf> <./Paper/Graph
ics/LGT_h=1_finite_mu_density_19_qubits.pdf

pdfTeX warning: pdflatex.exe (file ./Paper/Graphics/LGT_h=1_finite_mu_density_1
9_qubits.pdf): PDF inclusion: multiple pdfs with page group included in a singl
e page
> <./Paper/Graphics/LGT_different_threshold_density_difference.pdf

pdfTeX warning: pdflatex.exe (file ./Paper/Graphics/LGT_different_threshold_den
sity_difference.pdf): PDF inclusion: multiple pdfs with page group included in 
a single page
> <./Paper/Graphics/LGT_different_threshold_correlator_difference.pdf

pdfTeX warning: pdflatex.exe (file ./Paper/Graphics/LGT_different_threshold_cor
relator_difference.pdf): PDF inclusion: multiple pdfs with page group included 
in a single page
> <./Paper/Graphics/LGT_h=1_finite_mu_density_difference.pdf

pdfTeX warning: pdflatex.exe (file ./Paper/Graphics/LGT_h=1_finite_mu_density_d
ifference.pdf): PDF inclusion: multiple pdfs with page group included in a sing
le page
> <./Paper/Graphics/LGT_h=1_finite_mu_correlator_difference.pdf

pdfTeX warning: pdflatex.exe (file ./Paper/Graphics/LGT_h=1_finite_mu_correlato
r_difference.pdf): PDF inclusion: multiple pdfs with page group included in a s
ingle page
>]

LaTeX Warning: A float is stuck (cannot be placed); try class option [floatfix]
 on input line 590.

(main.bbl
Underfull \hbox (badness 10000) in paragraph at lines 176--184
 []\OT1/cmr/m/n/9 G. Tor-lai and R. G. Melko, []An-nual Re-view
 []


Underfull \hbox (badness 10000) in paragraph at lines 176--184
 \OT1/cmr/m/n/9 of Con-densed Mat-ter Physics \OT1/cmr/bx/n/9 11\OT1/cmr/m/n/9 
, 325 (2020)[],
 []


Underfull \hbox (badness 10000) in paragraph at lines 176--184
 []\OT1/cmr/m/n/9 https://doi.org/10.1146/annurev-conmatphys-031119-
 []

[9]
Underfull \hbox (badness 3977) in paragraph at lines 436--441
 []\OT1/cmr/m/n/9 G. Alek-sandrow-icz, T. Alexan-der, P. Bark-out-sos,
 []


Underfull \hbox (badness 1668) in paragraph at lines 554--559
 []\OT1/cmr/m/n/9 K. J. Satzinger, Y.-J. Liu, A. Smith, C. Knapp,
 []

) [10]
Underfull \hbox (badness 10000) in paragraph at lines 624--625

 []


Overfull \hbox (12.53871pt too wide) detected at line 634
[]
 []


Underfull \hbox (badness 10000) in paragraph at lines 634--638

 []


Underfull \hbox (badness 1478) in paragraph at lines 650--657
\OT1/cmr/m/n/10 quan-tum state, be-cause the in-for-ma-tion about the
 []


Underfull \hbox (badness 10000) in paragraph at lines 650--657

 []



pdfTeX warning: pdflatex.exe (file ./Paper/Graphics/xy_measurement.pdf): PDF in
clusion: found PDF version <1.7>, but at most version <1.5> allowed
<Paper/Graphics/xy_measurement.pdf, id=781, 393.72093pt x 134.75343pt>
File: Paper/Graphics/xy_measurement.pdf Graphic file (type pdf)
<use Paper/Graphics/xy_measurement.pdf>
Package pdftex.def Info: Paper/Graphics/xy_measurement.pdf  used on input line 
660.
(pdftex.def)             Requested size: 203.99689pt x 69.81927pt.
[11 <./Paper/Graphics/xy_measurement.pdf>]
<Paper/Graphics/quantum_test_number_of_samples.pdf, id=802, 433.62pt x 361.35pt
>
File: Paper/Graphics/quantum_test_number_of_samples.pdf Graphic file (type pdf)

<use Paper/Graphics/quantum_test_number_of_samples.pdf>
Package pdftex.def Info: Paper/Graphics/quantum_test_number_of_samples.pdf  use
d on input line 699.
(pdftex.def)             Requested size: 255.0pt x 212.49992pt.

Overfull \hbox (9.0pt too wide) in paragraph at lines 699--700
 [][] 
 []

<Paper/Graphics/quantum_test_number_of_configs.pdf, id=803, 433.62pt x 361.35pt
>
File: Paper/Graphics/quantum_test_number_of_configs.pdf Graphic file (type pdf)

<use Paper/Graphics/quantum_test_number_of_configs.pdf>
Package pdftex.def Info: Paper/Graphics/quantum_test_number_of_configs.pdf  use
d on input line 705.
(pdftex.def)             Requested size: 255.0pt x 212.49992pt.

Overfull \hbox (9.0pt too wide) in paragraph at lines 705--706
 [][] 
 []

<Paper/Graphics/LGT_h=1_finite_mu_allquantities_19_qubits_summary.pdf, id=810, 
433.62pt x 289.08pt>
File: Paper/Graphics/LGT_h=1_finite_mu_allquantities_19_qubits_summary.pdf Grap
hic file (type pdf)
<use Paper/Graphics/LGT_h=1_finite_mu_allquantities_19_qubits_summary.pdf>
Package pdftex.def Info: Paper/Graphics/LGT_h=1_finite_mu_allquantities_19_qubi
ts_summary.pdf  used on input line 734.
(pdftex.def)             Requested size: 244.79782pt x 163.19817pt.
<Paper/Graphics/LGT_different_threshold_correlator_7_qubits.pdf, id=811, 433.62
pt x 216.81pt>
File: Paper/Graphics/LGT_different_threshold_correlator_7_qubits.pdf Graphic fi
le (type pdf)
<use Paper/Graphics/LGT_different_threshold_correlator_7_qubits.pdf>
Package pdftex.def Info: Paper/Graphics/LGT_different_threshold_correlator_7_qu
bits.pdf  used on input line 741.
(pdftex.def)             Requested size: 229.49844pt x 114.74995pt.
<Paper/Graphics/LGT_different_threshold_density_7_qubits.pdf, id=812, 433.62pt 
x 216.81pt>
File: Paper/Graphics/LGT_different_threshold_density_7_qubits.pdf Graphic file 
(type pdf)
<use Paper/Graphics/LGT_different_threshold_density_7_qubits.pdf>
Package pdftex.def Info: Paper/Graphics/LGT_different_threshold_density_7_qubit
s.pdf  used on input line 742.
(pdftex.def)             Requested size: 229.49844pt x 114.74995pt.
<Paper/Graphics/LGT_h=1_finite_mu_correlator_7_qubits.pdf, id=813, 433.62pt x 2
16.81pt>
File: Paper/Graphics/LGT_h=1_finite_mu_correlator_7_qubits.pdf Graphic file (ty
pe pdf)
<use Paper/Graphics/LGT_h=1_finite_mu_correlator_7_qubits.pdf>
Package pdftex.def Info: Paper/Graphics/LGT_h=1_finite_mu_correlator_7_qubits.p
df  used on input line 749.
(pdftex.def)             Requested size: 229.49844pt x 114.74995pt.
<Paper/Graphics/LGT_h=1_finite_mu_density_7_qubits.pdf, id=814, 433.62pt x 216.
81pt>
File: Paper/Graphics/LGT_h=1_finite_mu_density_7_qubits.pdf Graphic file (type 
pdf)
<use Paper/Graphics/LGT_h=1_finite_mu_density_7_qubits.pdf>
Package pdftex.def Info: Paper/Graphics/LGT_h=1_finite_mu_density_7_qubits.pdf 
 used on input line 750.
(pdftex.def)             Requested size: 229.49844pt x 114.74995pt.
[12 <./Paper/Graphics/quantum_test_number_of_samples.pdf> <./Paper/Graphics/qua
ntum_test_number_of_configs.pdf

pdfTeX warning: pdflatex.exe (file ./Paper/Graphics/quantum_test_number_of_conf
igs.pdf): PDF inclusion: multiple pdfs with page group included in a single pag
e
>]

LaTeX Warning: A float is stuck (cannot be placed); try class option [floatfix]
 on input line 777.


Underfull \hbox (badness 10000) in paragraph at lines 779--780

 []

<Paper/Graphics/LGT_different_threshold_correlator_19_qubits_log.pdf, id=869, 4
33.62pt x 216.81pt>
File: Paper/Graphics/LGT_different_threshold_correlator_19_qubits_log.pdf Graph
ic file (type pdf)
<use Paper/Graphics/LGT_different_threshold_correlator_19_qubits_log.pdf>
Package pdftex.def Info: Paper/Graphics/LGT_different_threshold_correlator_19_q
ubits_log.pdf  used on input line 790.
(pdftex.def)             Requested size: 229.49844pt x 114.74995pt.
<Paper/Graphics/LGT_h=1_finite_mu_correlator_19_qubits_log.pdf, id=872, 433.62p
t x 216.81pt>
File: Paper/Graphics/LGT_h=1_finite_mu_correlator_19_qubits_log.pdf Graphic fil
e (type pdf)
<use Paper/Graphics/LGT_h=1_finite_mu_correlator_19_qubits_log.pdf>
Package pdftex.def Info: Paper/Graphics/LGT_h=1_finite_mu_correlator_19_qubits_
log.pdf  used on input line 797.
(pdftex.def)             Requested size: 229.49844pt x 114.74995pt.

Package hyperref Warning: Token not allowed in a PDF string (PDFDocEncoding):
(hyperref)                removing `math shift' on input line 806.


Package hyperref Warning: Token not allowed in a PDF string (PDFDocEncoding):
(hyperref)                removing `subscript' on input line 806.


Package hyperref Warning: Token not allowed in a PDF string (PDFDocEncoding):
(hyperref)                removing `math shift' on input line 806.

[13 <./Paper/Graphics/LGT_h=1_finite_mu_allquantities_19_qubits_summary.pdf> <.
/Paper/Graphics/LGT_different_threshold_correlator_7_qubits.pdf

pdfTeX warning: pdflatex.exe (file ./Paper/Graphics/LGT_different_threshold_cor
relator_7_qubits.pdf): PDF inclusion: multiple pdfs with page group included in
 a single page
> <./Paper/Graphics/LGT_different_threshold_density_7_qubits.pdf

pdfTeX warning: pdflatex.exe (file ./Paper/Graphics/LGT_different_threshold_den
sity_7_qubits.pdf): PDF inclusion: multiple pdfs with page group included in a 
single page
> <./Paper/Graphics/LGT_h=1_finite_mu_correlator_7_qubits.pdf

pdfTeX warning: pdflatex.exe (file ./Paper/Graphics/LGT_h=1_finite_mu_correlato
r_7_qubits.pdf): PDF inclusion: multiple pdfs with page group included in a sin
gle page
> <./Paper/Graphics/LGT_h=1_finite_mu_density_7_qubits.pdf

pdfTeX warning: pdflatex.exe (file ./Paper/Graphics/LGT_h=1_finite_mu_density_7
_qubits.pdf): PDF inclusion: multiple pdfs with page group included in a single
 page
>]

LaTeX Warning: A float is stuck (cannot be placed); try class option [floatfix]
 on input line 810.


Package hyperref Warning: Token not allowed in a PDF string (PDFDocEncoding):
(hyperref)                removing `math shift' on input line 812.


Package hyperref Warning: Token not allowed in a PDF string (PDFDocEncoding):
(hyperref)                removing `subscript' on input line 812.


Package hyperref Warning: Token not allowed in a PDF string (PDFDocEncoding):
(hyperref)                removing `math shift' on input line 812.

[14 <./Paper/Graphics/LGT_different_threshold_correlator_19_qubits_log.pdf> <./
Paper/Graphics/LGT_h=1_finite_mu_correlator_19_qubits_log.pdf

pdfTeX warning: pdflatex.exe (file ./Paper/Graphics/LGT_h=1_finite_mu_correlato
r_19_qubits_log.pdf): PDF inclusion: multiple pdfs with page group included in 
a single page
>]
Package atveryend Info: Executing hook `AtVeryEndDocument' on input line 857.
 [15]
Package atveryend Info: Empty hook `AfterLastShipout' on input line 857.
 (main.aux)
Package atveryend Info: Executing hook `AtEndAfterFileList' on input line 857.
Package rerunfilecheck Info: File `main.out' has not changed.
(rerunfilecheck)             Checksum: 65DDE686E754865387B01E07BC073EED;1659.


LaTeX Font Warning: Some font shapes were not available, defaults substituted.

 ) 
Here is how much of TeX's memory you used:
 31606 strings out of 492449
 595478 string characters out of 3119993
 688487 words of memory out of 3000000
 35314 multiletter control sequences out of 15000+200000
 545457 words of font info for 76 fonts, out of 3000000 for 9000
 1141 hyphenation exceptions out of 8191
 73i,14n,72p,1191b,519s stack positions out of 5000i,500n,10000p,200000b,50000s
<C:/Users/hanna/AppData/Local/Programs/MiKTeX 2.9/fonts/type1/public/amsfonts
/cm/cmbx12.pfb><C:/Users/hanna/AppData/Local/Programs/MiKTeX 2.9/fonts/type1/pu
blic/amsfonts/cm/cmbx9.pfb><C:/Users/hanna/AppData/Local/Programs/MiKTeX 2.9/fo
nts/type1/public/amsfonts/cm/cmcsc10.pfb><C:/Users/hanna/AppData/Local/Programs
/MiKTeX 2.9/fonts/type1/public/amsfonts/cm/cmex10.pfb><C:/Users/hanna/AppData/L
ocal/Programs/MiKTeX 2.9/fonts/type1/public/amsfonts/cm/cmmi10.pfb><C:/Users/ha
nna/AppData/Local/Programs/MiKTeX 2.9/fonts/type1/public/amsfonts/cm/cmmi12.pfb
><C:/Users/hanna/AppData/Local/Programs/MiKTeX 2.9/fonts/type1/public/amsfonts/
cm/cmmi5.pfb><C:/Users/hanna/AppData/Local/Programs/MiKTeX 2.9/fonts/type1/publ
ic/amsfonts/cm/cmmi6.pfb><C:/Users/hanna/AppData/Local/Programs/MiKTeX 2.9/font
s/type1/public/amsfonts/cm/cmmi7.pfb><C:/Users/hanna/AppData/Local/Programs/MiK
TeX 2.9/fonts/type1/public/amsfonts/cm/cmmi8.pfb><C:/Users/hanna/AppData/Local/
Programs/MiKTeX 2.9/fonts/type1/public/amsfonts/cm/cmmi9.pfb><C:/Users/hanna/Ap
pData/Local/Programs/MiKTeX 2.9/fonts/type1/public/amsfonts/cm/cmmib10.pfb><C:/
Users/hanna/AppData/Local/Programs/MiKTeX 2.9/fonts/type1/public/amsfonts/cmext
ra/cmmib6.pfb><C:/Users/hanna/AppData/Local/Programs/MiKTeX 2.9/fonts/type1/pub
lic/amsfonts/cmextra/cmmib7.pfb><C:/Users/hanna/AppData/Local/Programs/MiKTeX 2
.9/fonts/type1/public/amsfonts/cmextra/cmmib9.pfb><C:/Users/hanna/AppData/Local
/Programs/MiKTeX 2.9/fonts/type1/public/amsfonts/cm/cmr10.pfb><C:/Users/hanna/A
ppData/Local/Programs/MiKTeX 2.9/fonts/type1/public/amsfonts/cm/cmr12.pfb><C:/U
sers/hanna/AppData/Local/Programs/MiKTeX 2.9/fonts/type1/public/amsfonts/cm/cmr
17.pfb><C:/Users/hanna/AppData/Local/Programs/MiKTeX 2.9/fonts/type1/public/ams
fonts/cm/cmr5.pfb><C:/Users/hanna/AppData/Local/Programs/MiKTeX 2.9/fonts/type1
/public/amsfonts/cm/cmr6.pfb><C:/Users/hanna/AppData/Local/Programs/MiKTeX 2.9/
fonts/type1/public/amsfonts/cm/cmr7.pfb><C:/Users/hanna/AppData/Local/Programs/
MiKTeX 2.9/fonts/type1/public/amsfonts/cm/cmr8.pfb><C:/Users/hanna/AppData/Loca
l/Programs/MiKTeX 2.9/fonts/type1/public/amsfonts/cm/cmr9.pfb><C:/Users/hanna/A
ppData/Local/Programs/MiKTeX 2.9/fonts/type1/public/amsfonts/cm/cmsy10.pfb><C:/
Users/hanna/AppData/Local/Programs/MiKTeX 2.9/fonts/type1/public/amsfonts/cm/cm
sy7.pfb><C:/Users/hanna/AppData/Local/Programs/MiKTeX 2.9/fonts/type1/public/am
sfonts/cm/cmsy9.pfb><C:/Users/hanna/AppData/Local/Programs/MiKTeX 2.9/fonts/typ
e1/public/amsfonts/cm/cmti10.pfb><C:/Users/hanna/AppData/Local/Programs/MiKTeX 
2.9/fonts/type1/public/amsfonts/cm/cmti9.pfb><C:/Users/hanna/AppData/Local/Prog
rams/MiKTeX 2.9/fonts/type1/public/amsfonts/cm/cmtt10.pfb><C:/Users/hanna/AppDa
ta/Local/Programs/MiKTeX 2.9/fonts/type1/public/amsfonts/symbols/msbm10.pfb><C:
/Users/hanna/AppData/Local/Programs/MiKTeX 2.9/fonts/type1/public/amsfonts/symb
ols/msbm7.pfb>
Output written on main.pdf (15 pages, 1129197 bytes).
PDF statistics:
 1116 PDF objects out of 1200 (max. 8388607)
 120 named destinations out of 1000 (max. 500000)
 306 words of extra memory for PDF output out of 10000 (max. 10000000)

